{"D:\\Archivos Fabian\\Fabian\\USA\\Noveno_Semestre\\Big Data\\Parcial\\parcial-chinook-store\\frontend\\src\\App.jsx": {"path":"D:\\Archivos Fabian\\Fabian\\USA\\Noveno_Semestre\\Big Data\\Parcial\\parcial-chinook-store\\frontend\\src\\App.jsx","all":false,"statementMap":{"0":{"start":{"line":1,"column":0},"end":{"line":1,"column":43}},"1":{"start":{"line":2,"column":0},"end":{"line":2,"column":18}},"3":{"start":{"line":4,"column":0},"end":{"line":4,"column":50}},"5":{"start":{"line":6,"column":0},"end":{"line":6,"column":61}},"7":{"start":{"line":8,"column":0},"end":{"line":8,"column":16}},"9":{"start":{"line":10,"column":0},"end":{"line":10,"column":42}},"10":{"start":{"line":11,"column":0},"end":{"line":11,"column":48}},"11":{"start":{"line":12,"column":0},"end":{"line":12,"column":74}},"12":{"start":{"line":13,"column":0},"end":{"line":13,"column":63}},"13":{"start":{"line":14,"column":0},"end":{"line":14,"column":51}},"16":{"start":{"line":17,"column":0},"end":{"line":17,"column":19}},"17":{"start":{"line":18,"column":0},"end":{"line":18,"column":20}},"18":{"start":{"line":19,"column":0},"end":{"line":19,"column":25}},"19":{"start":{"line":20,"column":0},"end":{"line":20,"column":67}},"20":{"start":{"line":21,"column":0},"end":{"line":21,"column":8}},"22":{"start":{"line":23,"column":0},"end":{"line":23,"column":37}},"23":{"start":{"line":24,"column":0},"end":{"line":24,"column":26}},"24":{"start":{"line":25,"column":0},"end":{"line":25,"column":22}},"25":{"start":{"line":26,"column":0},"end":{"line":26,"column":39}},"27":{"start":{"line":28,"column":0},"end":{"line":28,"column":9}},"28":{"start":{"line":29,"column":0},"end":{"line":29,"column":46}},"29":{"start":{"line":30,"column":0},"end":{"line":30,"column":21}},"31":{"start":{"line":32,"column":0},"end":{"line":32,"column":16}},"32":{"start":{"line":33,"column":0},"end":{"line":33,"column":24}},"33":{"start":{"line":34,"column":0},"end":{"line":34,"column":58}},"34":{"start":{"line":35,"column":0},"end":{"line":35,"column":8}},"36":{"start":{"line":37,"column":0},"end":{"line":37,"column":21}},"37":{"start":{"line":38,"column":0},"end":{"line":38,"column":16}},"38":{"start":{"line":39,"column":0},"end":{"line":39,"column":22}},"39":{"start":{"line":40,"column":0},"end":{"line":40,"column":30}},"40":{"start":{"line":41,"column":0},"end":{"line":41,"column":8}},"41":{"start":{"line":42,"column":0},"end":{"line":42,"column":15}},"42":{"start":{"line":43,"column":0},"end":{"line":43,"column":25}},"43":{"start":{"line":44,"column":0},"end":{"line":44,"column":5}},"44":{"start":{"line":45,"column":0},"end":{"line":45,"column":3}},"46":{"start":{"line":47,"column":0},"end":{"line":47,"column":10}},"47":{"start":{"line":48,"column":0},"end":{"line":48,"column":32}},"49":{"start":{"line":50,"column":0},"end":{"line":50,"column":28}},"51":{"start":{"line":52,"column":0},"end":{"line":52,"column":25}},"52":{"start":{"line":53,"column":0},"end":{"line":53,"column":47}},"53":{"start":{"line":54,"column":0},"end":{"line":54,"column":25}},"54":{"start":{"line":55,"column":0},"end":{"line":55,"column":14}},"57":{"start":{"line":58,"column":0},"end":{"line":58,"column":18}},"58":{"start":{"line":59,"column":0},"end":{"line":59,"column":25}},"59":{"start":{"line":60,"column":0},"end":{"line":60,"column":31}},"60":{"start":{"line":61,"column":0},"end":{"line":61,"column":23}},"61":{"start":{"line":62,"column":0},"end":{"line":62,"column":27}},"62":{"start":{"line":63,"column":0},"end":{"line":63,"column":29}},"63":{"start":{"line":64,"column":0},"end":{"line":64,"column":29}},"64":{"start":{"line":65,"column":0},"end":{"line":65,"column":8}},"66":{"start":{"line":67,"column":0},"end":{"line":67,"column":11}},"68":{"start":{"line":69,"column":0},"end":{"line":69,"column":1}},"70":{"start":{"line":71,"column":0},"end":{"line":71,"column":18}}},"s":{"0":1,"1":1,"3":1,"5":1,"7":28,"9":28,"10":28,"11":28,"12":28,"13":28,"16":28,"17":10,"18":10,"19":10,"20":28,"22":28,"23":6,"24":6,"25":6,"27":6,"28":6,"29":4,"31":4,"32":4,"33":4,"34":4,"36":6,"37":1,"38":1,"39":1,"40":1,"41":6,"42":5,"43":5,"44":6,"46":28,"47":28,"49":28,"51":28,"52":5,"53":5,"54":5,"57":28,"58":28,"59":28,"60":28,"61":28,"62":28,"63":28,"64":28,"66":28,"68":28,"70":1},"branchMap":{"0":{"type":"branch","line":8,"loc":{"start":{"line":8,"column":0},"end":{"line":69,"column":1}},"locations":[{"start":{"line":8,"column":0},"end":{"line":69,"column":1}}]},"1":{"type":"branch","line":52,"loc":{"start":{"line":52,"column":13},"end":{"line":55,"column":14}},"locations":[{"start":{"line":52,"column":13},"end":{"line":55,"column":14}}]},"2":{"type":"branch","line":17,"loc":{"start":{"line":17,"column":12},"end":{"line":21,"column":5}},"locations":[{"start":{"line":17,"column":12},"end":{"line":21,"column":5}}]},"3":{"type":"branch","line":23,"loc":{"start":{"line":23,"column":19},"end":{"line":45,"column":3}},"locations":[{"start":{"line":23,"column":19},"end":{"line":45,"column":3}}]},"4":{"type":"branch","line":29,"loc":{"start":{"line":29,"column":45},"end":{"line":37,"column":13}},"locations":[{"start":{"line":29,"column":45},"end":{"line":37,"column":13}}]},"5":{"type":"branch","line":37,"loc":{"start":{"line":37,"column":4},"end":{"line":42,"column":6}},"locations":[{"start":{"line":37,"column":4},"end":{"line":42,"column":6}}]},"6":{"type":"branch","line":42,"loc":{"start":{"line":42,"column":4},"end":{"line":44,"column":5}},"locations":[{"start":{"line":42,"column":4},"end":{"line":44,"column":5}}]}},"b":{"0":[28],"1":[5],"2":[10],"3":[6],"4":[4],"5":[1],"6":[5]},"fnMap":{"0":{"name":"App","decl":{"start":{"line":8,"column":0},"end":{"line":69,"column":1}},"loc":{"start":{"line":8,"column":0},"end":{"line":69,"column":1}},"line":8},"1":{"name":"onSearch","decl":{"start":{"line":23,"column":19},"end":{"line":45,"column":3}},"loc":{"start":{"line":23,"column":19},"end":{"line":45,"column":3}},"line":23}},"f":{"0":28,"1":6}}
,"D:\\Archivos Fabian\\Fabian\\USA\\Noveno_Semestre\\Big Data\\Parcial\\parcial-chinook-store\\frontend\\src\\components\\TrackSearch.jsx": {"path":"D:\\Archivos Fabian\\Fabian\\USA\\Noveno_Semestre\\Big Data\\Parcial\\parcial-chinook-store\\frontend\\src\\components\\TrackSearch.jsx","all":false,"statementMap":{"0":{"start":{"line":1,"column":0},"end":{"line":1,"column":32}},"1":{"start":{"line":2,"column":0},"end":{"line":2,"column":48}},"2":{"start":{"line":3,"column":0},"end":{"line":3,"column":57}},"4":{"start":{"line":5,"column":0},"end":{"line":5,"column":92}},"6":{"start":{"line":7,"column":0},"end":{"line":7,"column":58}},"7":{"start":{"line":8,"column":0},"end":{"line":8,"column":57}},"8":{"start":{"line":9,"column":0},"end":{"line":9,"column":66}},"9":{"start":{"line":10,"column":0},"end":{"line":10,"column":62}},"11":{"start":{"line":12,"column":0},"end":{"line":12,"column":31}},"12":{"start":{"line":13,"column":0},"end":{"line":13,"column":74}},"13":{"start":{"line":14,"column":0},"end":{"line":14,"column":18}},"14":{"start":{"line":15,"column":0},"end":{"line":15,"column":51}},"15":{"start":{"line":16,"column":0},"end":{"line":16,"column":5}},"16":{"start":{"line":17,"column":0},"end":{"line":17,"column":3}},"18":{"start":{"line":19,"column":0},"end":{"line":19,"column":37}},"19":{"start":{"line":20,"column":0},"end":{"line":20,"column":74}},"20":{"start":{"line":21,"column":0},"end":{"line":21,"column":3}},"22":{"start":{"line":23,"column":0},"end":{"line":23,"column":32}},"23":{"start":{"line":24,"column":0},"end":{"line":24,"column":103}},"24":{"start":{"line":25,"column":0},"end":{"line":25,"column":3}},"26":{"start":{"line":27,"column":0},"end":{"line":27,"column":33}},"27":{"start":{"line":28,"column":0},"end":{"line":28,"column":27}},"29":{"start":{"line":30,"column":0},"end":{"line":30,"column":21}},"30":{"start":{"line":31,"column":0},"end":{"line":31,"column":53}},"31":{"start":{"line":32,"column":0},"end":{"line":32,"column":61}},"32":{"start":{"line":33,"column":0},"end":{"line":33,"column":17}},"33":{"start":{"line":34,"column":0},"end":{"line":34,"column":5}},"36":{"start":{"line":37,"column":0},"end":{"line":37,"column":51}},"37":{"start":{"line":38,"column":0},"end":{"line":38,"column":30}},"38":{"start":{"line":39,"column":0},"end":{"line":39,"column":44}},"39":{"start":{"line":40,"column":0},"end":{"line":40,"column":12}},"40":{"start":{"line":41,"column":0},"end":{"line":41,"column":5}},"42":{"start":{"line":43,"column":0},"end":{"line":43,"column":25}},"44":{"start":{"line":45,"column":0},"end":{"line":45,"column":9}},"45":{"start":{"line":46,"column":0},"end":{"line":46,"column":48}},"47":{"start":{"line":48,"column":0},"end":{"line":48,"column":67}},"48":{"start":{"line":49,"column":0},"end":{"line":49,"column":27}},"49":{"start":{"line":50,"column":0},"end":{"line":50,"column":31}},"51":{"start":{"line":52,"column":0},"end":{"line":52,"column":21}},"52":{"start":{"line":53,"column":0},"end":{"line":53,"column":33}},"53":{"start":{"line":54,"column":0},"end":{"line":54,"column":26}},"54":{"start":{"line":55,"column":0},"end":{"line":55,"column":15}},"55":{"start":{"line":56,"column":0},"end":{"line":56,"column":28}},"56":{"start":{"line":57,"column":0},"end":{"line":57,"column":5}},"57":{"start":{"line":58,"column":0},"end":{"line":58,"column":3}},"59":{"start":{"line":60,"column":0},"end":{"line":60,"column":10}},"60":{"start":{"line":61,"column":0},"end":{"line":61,"column":40}},"61":{"start":{"line":62,"column":0},"end":{"line":62,"column":31}},"63":{"start":{"line":64,"column":0},"end":{"line":64,"column":56}},"64":{"start":{"line":65,"column":0},"end":{"line":65,"column":37}},"65":{"start":{"line":66,"column":0},"end":{"line":66,"column":16}},"66":{"start":{"line":67,"column":0},"end":{"line":67,"column":23}},"67":{"start":{"line":68,"column":0},"end":{"line":68,"column":49}},"68":{"start":{"line":69,"column":0},"end":{"line":69,"column":29}},"69":{"start":{"line":70,"column":0},"end":{"line":70,"column":75}},"70":{"start":{"line":71,"column":0},"end":{"line":71,"column":12}},"71":{"start":{"line":72,"column":0},"end":{"line":72,"column":32}},"72":{"start":{"line":73,"column":0},"end":{"line":73,"column":14}},"73":{"start":{"line":74,"column":0},"end":{"line":74,"column":37}},"74":{"start":{"line":75,"column":0},"end":{"line":75,"column":16}},"75":{"start":{"line":76,"column":0},"end":{"line":76,"column":23}},"76":{"start":{"line":77,"column":0},"end":{"line":77,"column":47}},"77":{"start":{"line":78,"column":0},"end":{"line":78,"column":34}},"78":{"start":{"line":79,"column":0},"end":{"line":79,"column":80}},"79":{"start":{"line":80,"column":0},"end":{"line":80,"column":12}},"80":{"start":{"line":81,"column":0},"end":{"line":81,"column":32}},"81":{"start":{"line":82,"column":0},"end":{"line":82,"column":14}},"82":{"start":{"line":83,"column":0},"end":{"line":83,"column":37}},"83":{"start":{"line":84,"column":0},"end":{"line":84,"column":16}},"84":{"start":{"line":85,"column":0},"end":{"line":85,"column":23}},"85":{"start":{"line":86,"column":0},"end":{"line":86,"column":44}},"86":{"start":{"line":87,"column":0},"end":{"line":87,"column":33}},"87":{"start":{"line":88,"column":0},"end":{"line":88,"column":79}},"88":{"start":{"line":89,"column":0},"end":{"line":89,"column":12}},"89":{"start":{"line":90,"column":0},"end":{"line":90,"column":31}},"90":{"start":{"line":91,"column":0},"end":{"line":91,"column":14}},"91":{"start":{"line":92,"column":0},"end":{"line":92,"column":79}},"92":{"start":{"line":93,"column":0},"end":{"line":93,"column":24}},"93":{"start":{"line":94,"column":0},"end":{"line":94,"column":14}},"94":{"start":{"line":95,"column":0},"end":{"line":95,"column":47}},"96":{"start":{"line":97,"column":0},"end":{"line":97,"column":15}},"98":{"start":{"line":99,"column":0},"end":{"line":99,"column":14}},"99":{"start":{"line":100,"column":0},"end":{"line":100,"column":29}},"101":{"start":{"line":102,"column":0},"end":{"line":102,"column":15}},"103":{"start":{"line":104,"column":0},"end":{"line":104,"column":17}},"104":{"start":{"line":105,"column":0},"end":{"line":105,"column":13}},"106":{"start":{"line":107,"column":0},"end":{"line":107,"column":40}},"108":{"start":{"line":109,"column":0},"end":{"line":109,"column":33}},"109":{"start":{"line":110,"column":0},"end":{"line":110,"column":47}},"111":{"start":{"line":112,"column":0},"end":{"line":112,"column":34}},"112":{"start":{"line":113,"column":0},"end":{"line":113,"column":41}},"113":{"start":{"line":114,"column":0},"end":{"line":114,"column":56}},"114":{"start":{"line":115,"column":0},"end":{"line":115,"column":94}},"115":{"start":{"line":116,"column":0},"end":{"line":116,"column":18}},"117":{"start":{"line":118,"column":0},"end":{"line":118,"column":39}},"118":{"start":{"line":119,"column":0},"end":{"line":119,"column":38}},"119":{"start":{"line":120,"column":0},"end":{"line":120,"column":19}},"120":{"start":{"line":121,"column":0},"end":{"line":121,"column":38}},"121":{"start":{"line":122,"column":0},"end":{"line":122,"column":49}},"123":{"start":{"line":124,"column":0},"end":{"line":124,"column":72}},"124":{"start":{"line":125,"column":0},"end":{"line":125,"column":46}},"125":{"start":{"line":126,"column":0},"end":{"line":126,"column":52}},"126":{"start":{"line":127,"column":0},"end":{"line":127,"column":34}},"127":{"start":{"line":128,"column":0},"end":{"line":128,"column":76}},"128":{"start":{"line":129,"column":0},"end":{"line":129,"column":24}},"129":{"start":{"line":130,"column":0},"end":{"line":130,"column":21}},"130":{"start":{"line":131,"column":0},"end":{"line":131,"column":17}},"131":{"start":{"line":132,"column":0},"end":{"line":132,"column":17}},"133":{"start":{"line":134,"column":0},"end":{"line":134,"column":14}},"136":{"start":{"line":137,"column":0},"end":{"line":137,"column":34}},"137":{"start":{"line":138,"column":0},"end":{"line":138,"column":52}},"139":{"start":{"line":140,"column":0},"end":{"line":140,"column":42}},"140":{"start":{"line":141,"column":0},"end":{"line":141,"column":41}},"141":{"start":{"line":142,"column":0},"end":{"line":142,"column":56}},"142":{"start":{"line":143,"column":0},"end":{"line":143,"column":88}},"143":{"start":{"line":144,"column":0},"end":{"line":144,"column":18}},"145":{"start":{"line":146,"column":0},"end":{"line":146,"column":14}},"147":{"start":{"line":148,"column":0},"end":{"line":148,"column":47}},"148":{"start":{"line":149,"column":0},"end":{"line":149,"column":58}},"149":{"start":{"line":150,"column":0},"end":{"line":150,"column":23}},"150":{"start":{"line":151,"column":0},"end":{"line":151,"column":31}},"151":{"start":{"line":152,"column":0},"end":{"line":152,"column":44}},"152":{"start":{"line":153,"column":0},"end":{"line":153,"column":73}},"153":{"start":{"line":154,"column":0},"end":{"line":154,"column":42}},"155":{"start":{"line":156,"column":0},"end":{"line":156,"column":66}},"156":{"start":{"line":157,"column":0},"end":{"line":157,"column":48}},"157":{"start":{"line":158,"column":0},"end":{"line":158,"column":84}},"158":{"start":{"line":159,"column":0},"end":{"line":159,"column":83}},"159":{"start":{"line":160,"column":0},"end":{"line":160,"column":29}},"160":{"start":{"line":161,"column":0},"end":{"line":161,"column":21}},"161":{"start":{"line":162,"column":0},"end":{"line":162,"column":25}},"162":{"start":{"line":163,"column":0},"end":{"line":163,"column":20}},"165":{"start":{"line":166,"column":0},"end":{"line":166,"column":47}},"166":{"start":{"line":167,"column":0},"end":{"line":167,"column":51}},"167":{"start":{"line":168,"column":0},"end":{"line":168,"column":59}},"168":{"start":{"line":169,"column":0},"end":{"line":169,"column":75}},"169":{"start":{"line":170,"column":0},"end":{"line":170,"column":21}},"170":{"start":{"line":171,"column":0},"end":{"line":171,"column":22}},"173":{"start":{"line":174,"column":0},"end":{"line":174,"column":44}},"174":{"start":{"line":175,"column":0},"end":{"line":175,"column":48}},"175":{"start":{"line":176,"column":0},"end":{"line":176,"column":43}},"176":{"start":{"line":177,"column":0},"end":{"line":177,"column":57}},"177":{"start":{"line":178,"column":0},"end":{"line":178,"column":85}},"178":{"start":{"line":179,"column":0},"end":{"line":179,"column":87}},"179":{"start":{"line":180,"column":0},"end":{"line":180,"column":26}},"180":{"start":{"line":181,"column":0},"end":{"line":181,"column":27}},"181":{"start":{"line":182,"column":0},"end":{"line":182,"column":47}},"182":{"start":{"line":183,"column":0},"end":{"line":183,"column":39}},"183":{"start":{"line":184,"column":0},"end":{"line":184,"column":43}},"184":{"start":{"line":185,"column":0},"end":{"line":185,"column":51}},"185":{"start":{"line":186,"column":0},"end":{"line":186,"column":24}},"186":{"start":{"line":187,"column":0},"end":{"line":187,"column":38}},"187":{"start":{"line":188,"column":0},"end":{"line":188,"column":21}},"189":{"start":{"line":190,"column":0},"end":{"line":190,"column":29}},"190":{"start":{"line":191,"column":0},"end":{"line":191,"column":23}},"191":{"start":{"line":192,"column":0},"end":{"line":192,"column":19}},"192":{"start":{"line":193,"column":0},"end":{"line":193,"column":19}},"194":{"start":{"line":195,"column":0},"end":{"line":195,"column":42}},"195":{"start":{"line":196,"column":0},"end":{"line":196,"column":63}},"196":{"start":{"line":197,"column":0},"end":{"line":197,"column":78}},"197":{"start":{"line":198,"column":0},"end":{"line":198,"column":20}},"199":{"start":{"line":200,"column":0},"end":{"line":200,"column":21}},"200":{"start":{"line":201,"column":0},"end":{"line":201,"column":43}},"201":{"start":{"line":202,"column":0},"end":{"line":202,"column":35}},"202":{"start":{"line":203,"column":0},"end":{"line":203,"column":39}},"204":{"start":{"line":205,"column":0},"end":{"line":205,"column":33}},"205":{"start":{"line":206,"column":0},"end":{"line":206,"column":20}},"206":{"start":{"line":207,"column":0},"end":{"line":207,"column":53}},"208":{"start":{"line":209,"column":0},"end":{"line":209,"column":21}},"210":{"start":{"line":211,"column":0},"end":{"line":211,"column":20}},"211":{"start":{"line":212,"column":0},"end":{"line":212,"column":35}},"212":{"start":{"line":213,"column":0},"end":{"line":213,"column":109}},"213":{"start":{"line":214,"column":0},"end":{"line":214,"column":21}},"215":{"start":{"line":216,"column":0},"end":{"line":216,"column":23}},"216":{"start":{"line":217,"column":0},"end":{"line":217,"column":15}},"218":{"start":{"line":219,"column":0},"end":{"line":219,"column":14}},"219":{"start":{"line":220,"column":0},"end":{"line":220,"column":12}},"220":{"start":{"line":221,"column":0},"end":{"line":221,"column":14}},"222":{"start":{"line":223,"column":0},"end":{"line":223,"column":1}},"224":{"start":{"line":225,"column":0},"end":{"line":225,"column":26}}},"s":{"0":1,"1":1,"2":1,"4":47,"6":47,"7":47,"8":47,"9":47,"11":47,"12":6,"13":6,"14":5,"15":5,"16":6,"18":47,"19":0,"20":0,"22":47,"23":5,"24":5,"26":47,"27":0,"29":0,"30":0,"31":0,"32":0,"33":0,"36":0,"37":0,"38":0,"39":0,"40":0,"42":0,"44":0,"45":0,"47":0,"48":0,"49":0,"51":0,"52":0,"53":0,"54":0,"55":0,"56":0,"57":0,"59":47,"60":47,"61":47,"63":47,"64":47,"65":47,"66":47,"67":47,"68":47,"69":47,"70":47,"71":47,"72":47,"73":47,"74":47,"75":47,"76":47,"77":47,"78":47,"79":47,"80":47,"81":47,"82":47,"83":47,"84":47,"85":47,"86":47,"87":47,"88":47,"89":47,"90":47,"91":47,"92":47,"93":8,"94":8,"96":8,"98":39,"99":39,"101":39,"103":47,"104":47,"106":47,"108":47,"109":47,"111":47,"112":34,"113":34,"114":34,"115":34,"117":13,"118":13,"119":17,"120":17,"121":17,"123":17,"124":17,"125":17,"126":17,"127":17,"128":17,"129":17,"130":13,"131":13,"133":47,"136":47,"137":47,"139":47,"140":42,"141":42,"142":42,"143":42,"145":5,"147":5,"148":5,"149":5,"150":5,"151":5,"152":5,"153":5,"155":5,"156":5,"157":1,"158":1,"159":1,"160":5,"161":5,"162":5,"165":5,"166":0,"167":0,"168":0,"169":0,"170":0,"173":5,"174":5,"175":6,"176":6,"177":6,"178":6,"179":6,"180":6,"181":6,"182":6,"183":0,"184":0,"185":0,"186":6,"187":6,"189":6,"190":6,"191":5,"192":5,"194":5,"195":5,"196":5,"197":5,"199":5,"200":5,"201":5,"202":5,"204":5,"205":0,"206":0,"208":0,"210":5,"211":5,"212":5,"213":5,"215":5,"216":5,"218":47,"219":47,"220":47,"222":47,"224":1},"branchMap":{"0":{"type":"branch","line":5,"loc":{"start":{"line":5,"column":0},"end":{"line":223,"column":1}},"locations":[{"start":{"line":5,"column":0},"end":{"line":223,"column":1}}]},"1":{"type":"branch","line":93,"loc":{"start":{"line":93,"column":11},"end":{"line":97,"column":15}},"locations":[{"start":{"line":93,"column":11},"end":{"line":97,"column":15}}]},"2":{"type":"branch","line":97,"loc":{"start":{"line":97,"column":12},"end":{"line":102,"column":15}},"locations":[{"start":{"line":97,"column":12},"end":{"line":102,"column":15}}]},"3":{"type":"branch","line":112,"loc":{"start":{"line":112,"column":29},"end":{"line":116,"column":18}},"locations":[{"start":{"line":112,"column":29},"end":{"line":116,"column":18}}]},"4":{"type":"branch","line":116,"loc":{"start":{"line":116,"column":12},"end":{"line":132,"column":17}},"locations":[{"start":{"line":116,"column":12},"end":{"line":132,"column":17}}]},"5":{"type":"branch","line":140,"loc":{"start":{"line":140,"column":37},"end":{"line":144,"column":18}},"locations":[{"start":{"line":140,"column":37},"end":{"line":144,"column":18}}]},"6":{"type":"branch","line":144,"loc":{"start":{"line":144,"column":12},"end":{"line":217,"column":15}},"locations":[{"start":{"line":144,"column":12},"end":{"line":217,"column":15}}]},"7":{"type":"branch","line":166,"loc":{"start":{"line":166,"column":41},"end":{"line":171,"column":22}},"locations":[{"start":{"line":166,"column":41},"end":{"line":171,"column":22}}]},"8":{"type":"branch","line":205,"loc":{"start":{"line":205,"column":17},"end":{"line":209,"column":21}},"locations":[{"start":{"line":205,"column":17},"end":{"line":209,"column":21}}]},"9":{"type":"branch","line":213,"loc":{"start":{"line":213,"column":80},"end":{"line":213,"column":96}},"locations":[{"start":{"line":213,"column":80},"end":{"line":213,"column":96}}]},"10":{"type":"branch","line":213,"loc":{"start":{"line":213,"column":84},"end":{"line":213,"column":108}},"locations":[{"start":{"line":213,"column":84},"end":{"line":213,"column":108}}]},"11":{"type":"branch","line":12,"loc":{"start":{"line":12,"column":19},"end":{"line":17,"column":3}},"locations":[{"start":{"line":12,"column":19},"end":{"line":17,"column":3}}]},"12":{"type":"branch","line":14,"loc":{"start":{"line":14,"column":17},"end":{"line":16,"column":5}},"locations":[{"start":{"line":14,"column":17},"end":{"line":16,"column":5}}]},"13":{"type":"branch","line":13,"loc":{"start":{"line":13,"column":39},"end":{"line":13,"column":73}},"locations":[{"start":{"line":13,"column":39},"end":{"line":13,"column":73}}]},"14":{"type":"branch","line":23,"loc":{"start":{"line":23,"column":25},"end":{"line":25,"column":3}},"locations":[{"start":{"line":23,"column":25},"end":{"line":25,"column":3}}]},"15":{"type":"branch","line":24,"loc":{"start":{"line":24,"column":33},"end":{"line":24,"column":90}},"locations":[{"start":{"line":24,"column":33},"end":{"line":24,"column":90}}]},"16":{"type":"branch","line":24,"loc":{"start":{"line":24,"column":72},"end":{"line":24,"column":87}},"locations":[{"start":{"line":24,"column":72},"end":{"line":24,"column":87}}]},"17":{"type":"branch","line":70,"loc":{"start":{"line":70,"column":22},"end":{"line":70,"column":75}},"locations":[{"start":{"line":70,"column":22},"end":{"line":70,"column":75}}]},"18":{"type":"branch","line":79,"loc":{"start":{"line":79,"column":22},"end":{"line":79,"column":80}},"locations":[{"start":{"line":79,"column":22},"end":{"line":79,"column":80}}]},"19":{"type":"branch","line":88,"loc":{"start":{"line":88,"column":22},"end":{"line":88,"column":79}},"locations":[{"start":{"line":88,"column":22},"end":{"line":88,"column":79}}]},"20":{"type":"branch","line":119,"loc":{"start":{"line":119,"column":26},"end":{"line":130,"column":21}},"locations":[{"start":{"line":119,"column":26},"end":{"line":130,"column":21}}]},"21":{"type":"branch","line":122,"loc":{"start":{"line":122,"column":27},"end":{"line":122,"column":49}},"locations":[{"start":{"line":122,"column":27},"end":{"line":122,"column":49}}]},"22":{"type":"branch","line":157,"loc":{"start":{"line":157,"column":33},"end":{"line":160,"column":29}},"locations":[{"start":{"line":157,"column":33},"end":{"line":160,"column":29}}]},"23":{"type":"branch","line":175,"loc":{"start":{"line":175,"column":36},"end":{"line":191,"column":23}},"locations":[{"start":{"line":175,"column":36},"end":{"line":191,"column":23}}]}},"b":{"0":[47],"1":[8],"2":[39],"3":[34],"4":[13],"5":[42],"6":[5],"7":[0],"8":[0],"9":[4],"10":[1],"11":[6],"12":[5],"13":[2],"14":[5],"15":[6],"16":[0],"17":[4],"18":[2],"19":[1],"20":[17],"21":[6],"22":[1],"23":[6]},"fnMap":{"0":{"name":"TrackSearch","decl":{"start":{"line":5,"column":0},"end":{"line":223,"column":1}},"loc":{"start":{"line":5,"column":0},"end":{"line":223,"column":1}},"line":5},"1":{"name":"addTrack","decl":{"start":{"line":12,"column":19},"end":{"line":17,"column":3}},"loc":{"start":{"line":12,"column":19},"end":{"line":17,"column":3}},"line":12},"2":{"name":"removeTrack","decl":{"start":{"line":19,"column":22},"end":{"line":21,"column":3}},"loc":{"start":{"line":19,"column":22},"end":{"line":21,"column":3}},"line":19},"3":{"name":"calculateTotal","decl":{"start":{"line":23,"column":25},"end":{"line":25,"column":3}},"loc":{"start":{"line":23,"column":25},"end":{"line":25,"column":3}},"line":23},"4":{"name":"buyTracks","decl":{"start":{"line":27,"column":20},"end":{"line":58,"column":3}},"loc":{"start":{"line":27,"column":20},"end":{"line":58,"column":3}},"line":27},"5":{"name":"onChange","decl":{"start":{"line":70,"column":22},"end":{"line":70,"column":75}},"loc":{"start":{"line":70,"column":22},"end":{"line":70,"column":75}},"line":70},"6":{"name":"onChange","decl":{"start":{"line":79,"column":22},"end":{"line":79,"column":80}},"loc":{"start":{"line":79,"column":22},"end":{"line":79,"column":80}},"line":79},"7":{"name":"onChange","decl":{"start":{"line":88,"column":22},"end":{"line":88,"column":79}},"loc":{"start":{"line":88,"column":22},"end":{"line":88,"column":79}},"line":88},"8":{"name":"onClick","decl":{"start":{"line":122,"column":27},"end":{"line":122,"column":49}},"loc":{"start":{"line":122,"column":27},"end":{"line":122,"column":49}},"line":122},"9":{"name":"onChange","decl":{"start":{"line":153,"column":28},"end":{"line":153,"column":73}},"loc":{"start":{"line":153,"column":28},"end":{"line":153,"column":73}},"line":153},"10":{"name":"onClick","decl":{"start":{"line":183,"column":31},"end":{"line":186,"column":24}},"loc":{"start":{"line":183,"column":31},"end":{"line":186,"column":24}},"line":183}},"f":{"0":47,"1":6,"2":0,"3":5,"4":0,"5":4,"6":2,"7":1,"8":6,"9":0,"10":0}}
,"D:\\Archivos Fabian\\Fabian\\USA\\Noveno_Semestre\\Big Data\\Parcial\\parcial-chinook-store\\frontend\\src\\services\\api.js": {"path":"D:\\Archivos Fabian\\Fabian\\USA\\Noveno_Semestre\\Big Data\\Parcial\\parcial-chinook-store\\frontend\\src\\services\\api.js","all":true,"statementMap":{"0":{"start":{"line":1,"column":0},"end":{"line":1,"column":88}},"1":{"start":{"line":2,"column":0},"end":{"line":2,"column":68}},"2":{"start":{"line":3,"column":0},"end":{"line":3,"column":0}},"3":{"start":{"line":4,"column":0},"end":{"line":4,"column":40}},"4":{"start":{"line":5,"column":0},"end":{"line":5,"column":65}},"5":{"start":{"line":6,"column":0},"end":{"line":6,"column":65}},"6":{"start":{"line":7,"column":0},"end":{"line":7,"column":24}},"7":{"start":{"line":8,"column":0},"end":{"line":8,"column":1}},"8":{"start":{"line":9,"column":0},"end":{"line":9,"column":0}},"9":{"start":{"line":10,"column":0},"end":{"line":10,"column":49}},"10":{"start":{"line":11,"column":0},"end":{"line":11,"column":49}},"11":{"start":{"line":12,"column":0},"end":{"line":12,"column":44}},"12":{"start":{"line":13,"column":0},"end":{"line":13,"column":78}},"13":{"start":{"line":14,"column":0},"end":{"line":14,"column":4}},"14":{"start":{"line":15,"column":0},"end":{"line":15,"column":0}},"15":{"start":{"line":16,"column":0},"end":{"line":16,"column":52}},"16":{"start":{"line":17,"column":0},"end":{"line":17,"column":0}},"17":{"start":{"line":18,"column":0},"end":{"line":18,"column":90}},"18":{"start":{"line":19,"column":0},"end":{"line":19,"column":2}},"19":{"start":{"line":20,"column":0},"end":{"line":20,"column":67}},"20":{"start":{"line":21,"column":0},"end":{"line":21,"column":2}},"21":{"start":{"line":22,"column":0},"end":{"line":22,"column":25}},"22":{"start":{"line":23,"column":0},"end":{"line":23,"column":1}},"23":{"start":{"line":24,"column":0},"end":{"line":24,"column":0}},"24":{"start":{"line":25,"column":0},"end":{"line":25,"column":47}},"25":{"start":{"line":26,"column":0},"end":{"line":26,"column":67}},"26":{"start":{"line":27,"column":0},"end":{"line":27,"column":19}},"27":{"start":{"line":28,"column":0},"end":{"line":28,"column":52}},"28":{"start":{"line":29,"column":0},"end":{"line":29,"column":34}},"29":{"start":{"line":30,"column":0},"end":{"line":30,"column":4}},"30":{"start":{"line":31,"column":0},"end":{"line":31,"column":0}},"31":{"start":{"line":32,"column":0},"end":{"line":32,"column":21}},"32":{"start":{"line":33,"column":0},"end":{"line":33,"column":57}},"33":{"start":{"line":34,"column":0},"end":{"line":34,"column":69}},"34":{"start":{"line":35,"column":0},"end":{"line":35,"column":3}},"35":{"start":{"line":36,"column":0},"end":{"line":36,"column":0}},"36":{"start":{"line":37,"column":0},"end":{"line":37,"column":24}},"37":{"start":{"line":38,"column":0},"end":{"line":38,"column":1}}},"s":{"0":0,"1":0,"2":0,"3":0,"4":0,"5":0,"6":0,"7":0,"8":0,"9":0,"10":0,"11":0,"12":0,"13":0,"14":0,"15":0,"16":0,"17":0,"18":0,"19":0,"20":0,"21":0,"22":0,"23":0,"24":0,"25":0,"26":0,"27":0,"28":0,"29":0,"30":0,"31":0,"32":0,"33":0,"34":0,"35":0,"36":0,"37":0},"branchMap":{"0":{"type":"branch","line":1,"loc":{"start":{"line":1,"column":0},"end":{"line":38,"column":1}},"locations":[{"start":{"line":1,"column":0},"end":{"line":38,"column":1}}]}},"b":{"0":[0]},"fnMap":{"0":{"name":"(empty-report)","decl":{"start":{"line":1,"column":0},"end":{"line":38,"column":1}},"loc":{"start":{"line":1,"column":0},"end":{"line":38,"column":1}},"line":1}},"f":{"0":0}}
,"D:\\Archivos Fabian\\Fabian\\USA\\Noveno_Semestre\\Big Data\\Parcial\\parcial-chinook-store\\frontend\\src\\utils\\validation.js": {"path":"D:\\Archivos Fabian\\Fabian\\USA\\Noveno_Semestre\\Big Data\\Parcial\\parcial-chinook-store\\frontend\\src\\utils\\validation.js","all":false,"statementMap":{"0":{"start":{"line":1,"column":0},"end":{"line":1,"column":3}},"1":{"start":{"line":2,"column":0},"end":{"line":2,"column":33}},"2":{"start":{"line":3,"column":0},"end":{"line":3,"column":58}},"3":{"start":{"line":4,"column":0},"end":{"line":4,"column":3}},"4":{"start":{"line":5,"column":0},"end":{"line":5,"column":43}},"5":{"start":{"line":6,"column":0},"end":{"line":6,"column":19}},"6":{"start":{"line":7,"column":0},"end":{"line":7,"column":0}},"7":{"start":{"line":8,"column":0},"end":{"line":8,"column":25}},"8":{"start":{"line":9,"column":0},"end":{"line":9,"column":51}},"9":{"start":{"line":10,"column":0},"end":{"line":10,"column":46}},"10":{"start":{"line":11,"column":0},"end":{"line":11,"column":3}},"11":{"start":{"line":12,"column":0},"end":{"line":12,"column":0}},"12":{"start":{"line":13,"column":0},"end":{"line":13,"column":44}},"13":{"start":{"line":14,"column":0},"end":{"line":14,"column":89}},"14":{"start":{"line":15,"column":0},"end":{"line":15,"column":56}},"15":{"start":{"line":16,"column":0},"end":{"line":16,"column":3}},"16":{"start":{"line":17,"column":0},"end":{"line":17,"column":0}},"17":{"start":{"line":18,"column":0},"end":{"line":18,"column":44}},"18":{"start":{"line":19,"column":0},"end":{"line":19,"column":58}},"19":{"start":{"line":20,"column":0},"end":{"line":20,"column":49}},"20":{"start":{"line":21,"column":0},"end":{"line":21,"column":3}},"21":{"start":{"line":22,"column":0},"end":{"line":22,"column":0}},"22":{"start":{"line":23,"column":0},"end":{"line":23,"column":37}},"23":{"start":{"line":24,"column":0},"end":{"line":24,"column":102}},"24":{"start":{"line":25,"column":0},"end":{"line":25,"column":66}},"25":{"start":{"line":26,"column":0},"end":{"line":26,"column":3}},"26":{"start":{"line":27,"column":0},"end":{"line":27,"column":0}},"27":{"start":{"line":28,"column":0},"end":{"line":28,"column":34}},"28":{"start":{"line":29,"column":0},"end":{"line":29,"column":93}},"29":{"start":{"line":30,"column":0},"end":{"line":30,"column":63}},"30":{"start":{"line":31,"column":0},"end":{"line":31,"column":3}},"31":{"start":{"line":32,"column":0},"end":{"line":32,"column":0}},"32":{"start":{"line":33,"column":0},"end":{"line":33,"column":37}},"33":{"start":{"line":34,"column":0},"end":{"line":34,"column":102}},"34":{"start":{"line":35,"column":0},"end":{"line":35,"column":61}},"35":{"start":{"line":36,"column":0},"end":{"line":36,"column":3}},"36":{"start":{"line":37,"column":0},"end":{"line":37,"column":0}},"37":{"start":{"line":38,"column":0},"end":{"line":38,"column":41}},"38":{"start":{"line":39,"column":0},"end":{"line":39,"column":114}},"39":{"start":{"line":40,"column":0},"end":{"line":40,"column":70}},"40":{"start":{"line":41,"column":0},"end":{"line":41,"column":3}},"41":{"start":{"line":42,"column":0},"end":{"line":42,"column":0}},"42":{"start":{"line":43,"column":0},"end":{"line":43,"column":10}},"43":{"start":{"line":44,"column":0},"end":{"line":44,"column":33}},"44":{"start":{"line":45,"column":0},"end":{"line":45,"column":10}},"45":{"start":{"line":46,"column":0},"end":{"line":46,"column":3}},"46":{"start":{"line":47,"column":0},"end":{"line":47,"column":1}},"47":{"start":{"line":48,"column":0},"end":{"line":48,"column":0}},"48":{"start":{"line":49,"column":0},"end":{"line":49,"column":3}},"49":{"start":{"line":50,"column":0},"end":{"line":50,"column":43}},"50":{"start":{"line":51,"column":0},"end":{"line":51,"column":3}},"51":{"start":{"line":52,"column":0},"end":{"line":52,"column":40}},"52":{"start":{"line":53,"column":0},"end":{"line":53,"column":40}},"53":{"start":{"line":54,"column":0},"end":{"line":54,"column":62}},"54":{"start":{"line":55,"column":0},"end":{"line":55,"column":1}}},"s":{"0":1,"1":1,"2":1,"3":1,"4":1,"5":0,"6":0,"7":0,"8":0,"9":0,"10":0,"11":0,"12":0,"13":0,"14":0,"15":0,"16":0,"17":0,"18":0,"19":0,"20":0,"21":0,"22":0,"23":0,"24":0,"25":0,"26":0,"27":0,"28":0,"29":0,"30":0,"31":0,"32":0,"33":0,"34":0,"35":0,"36":0,"37":0,"38":0,"39":0,"40":0,"41":0,"42":0,"43":0,"44":0,"45":0,"46":0,"47":1,"48":1,"49":1,"50":1,"51":1,"52":0,"53":0,"54":0},"branchMap":{},"b":{},"fnMap":{"0":{"name":"isPurchaseFormValid","decl":{"start":{"line":5,"column":7},"end":{"line":47,"column":1}},"loc":{"start":{"line":5,"column":7},"end":{"line":47,"column":1}},"line":5},"1":{"name":"isSearchValid","decl":{"start":{"line":52,"column":7},"end":{"line":55,"column":1}},"loc":{"start":{"line":52,"column":7},"end":{"line":55,"column":1}},"line":52}},"f":{"0":0,"1":0}}
}
